# JRE version: Java(TM) SE Runtime Environment (8.0_181-b13) (build 1.8.0_181-b13)
# Java VM: Java HotSpot(TM) 64-Bit Server VM (25.181-b13 mixed mode windows-amd64 compressed oops)
Heap:
 PSYoungGen      total 407040K, used 257269K [0x00000000d5d00000, 0x00000000eff80000, 0x0000000100000000)
  eden space 397312K, 62% used [0x00000000d5d00000,0x00000000e4ede1c0,0x00000000ee100000)
  from space 9728K, 98% used [0x00000000ef600000,0x00000000eff5f5f8,0x00000000eff80000)
  to   space 15360K, 0% used [0x00000000ee180000,0x00000000ee180000,0x00000000ef080000)
 ParOldGen       total 92160K, used 32149K [0x0000000081600000, 0x0000000087000000, 0x00000000d5d00000)
  object space 92160K, 34% used [0x0000000081600000,0x00000000835654a8,0x0000000087000000)
 Metaspace       used 55026K, capacity 55766K, committed 56024K, reserved 1097728K
  class space    used 7190K, capacity 7395K, committed 7424K, reserved 1048576K
GC Heap History (10 events):
Event: 4.303 GC heap before
{Heap before GC invocations=10 (full 1):
 PSYoungGen      total 232960K, used 232557K [0x00000000d5d00000, 0x00000000e6f80000, 0x0000000100000000)
  eden space 226816K, 100% used [0x00000000d5d00000,0x00000000e3a80000,0x00000000e3a80000)
  from space 6144K, 93% used [0x00000000e6980000,0x00000000e6f1b6e8,0x00000000e6f80000)
  to   space 9216K, 0% used [0x00000000e5d80000,0x00000000e5d80000,0x00000000e6680000)
 ParOldGen       total 51712K, used 6412K [0x0000000081600000, 0x0000000084880000, 0x00000000d5d00000)
  object space 51712K, 12% used [0x0000000081600000,0x0000000081c43140,0x0000000084880000)
 Metaspace       used 25353K, capacity 25704K, committed 25856K, reserved 1071104K
  class space    used 3191K, capacity 3289K, committed 3328K, reserved 1048576K
Event: 4.309 GC heap after
Heap after GC invocations=10 (full 1):
 PSYoungGen      total 271872K, used 6336K [0x00000000d5d00000, 0x00000000ea580000, 0x0000000100000000)
  eden space 262656K, 0% used [0x00000000d5d00000,0x00000000d5d00000,0x00000000e5d80000)
  from space 9216K, 68% used [0x00000000e5d80000,0x00000000e63b0038,0x00000000e6680000)
  to   space 9216K, 0% used [0x00000000e9c80000,0x00000000e9c80000,0x00000000ea580000)
 ParOldGen       total 51712K, used 6420K [0x0000000081600000, 0x0000000084880000, 0x00000000d5d00000)
  object space 51712K, 12% used [0x0000000081600000,0x0000000081c45140,0x0000000084880000)
 Metaspace       used 25353K, capacity 25704K, committed 25856K, reserved 1071104K
  class space    used 3191K, capacity 3289K, committed 3328K, reserved 1048576K
}
Event: 5.739 GC heap before
{Heap before GC invocations=11 (full 1):
 PSYoungGen      total 271872K, used 246681K [0x00000000d5d00000, 0x00000000ea580000, 0x0000000100000000)
  eden space 262656K, 91% used [0x00000000d5d00000,0x00000000e47b6468,0x00000000e5d80000)
  from space 9216K, 68% used [0x00000000e5d80000,0x00000000e63b0038,0x00000000e6680000)
  to   space 9216K, 0% used [0x00000000e9c80000,0x00000000e9c80000,0x00000000ea580000)
 ParOldGen       total 51712K, used 6420K [0x0000000081600000, 0x0000000084880000, 0x00000000d5d00000)
  object space 51712K, 12% used [0x0000000081600000,0x0000000081c45140,0x0000000084880000)
 Metaspace       used 34706K, capacity 35154K, committed 35416K, reserved 1081344K
  class space    used 4394K, capacity 4475K, committed 4480K, reserved 1048576K
Event: 5.755 GC heap after
Heap after GC invocations=11 (full 1):
 PSYoungGen      total 322560K, used 9211K [0x00000000d5d00000, 0x00000000ed980000, 0x0000000100000000)
  eden space 313344K, 0% used [0x00000000d5d00000,0x00000000d5d00000,0x00000000e8f00000)
  from space 9216K, 99% used [0x00000000e9c80000,0x00000000ea57ed30,0x00000000ea580000)
  to   space 13824K, 0% used [0x00000000e8f00000,0x00000000e8f00000,0x00000000e9c80000)
 ParOldGen       total 51712K, used 16060K [0x0000000081600000, 0x0000000084880000, 0x00000000d5d00000)
  object space 51712K, 31% used [0x0000000081600000,0x00000000825af3b0,0x0000000084880000)
 Metaspace       used 34706K, capacity 35154K, committed 35416K, reserved 1081344K
  class space    used 4394K, capacity 4475K, committed 4480K, reserved 1048576K
}
Event: 5.755 GC heap before
{Heap before GC invocations=12 (full 2):
 PSYoungGen      total 322560K, used 9211K [0x00000000d5d00000, 0x00000000ed980000, 0x0000000100000000)
  eden space 313344K, 0% used [0x00000000d5d00000,0x00000000d5d00000,0x00000000e8f00000)
  from space 9216K, 99% used [0x00000000e9c80000,0x00000000ea57ed30,0x00000000ea580000)
  to   space 13824K, 0% used [0x00000000e8f00000,0x00000000e8f00000,0x00000000e9c80000)
 ParOldGen       total 51712K, used 16060K [0x0000000081600000, 0x0000000084880000, 0x00000000d5d00000)
  object space 51712K, 31% used [0x0000000081600000,0x00000000825af3b0,0x0000000084880000)
 Metaspace       used 34706K, capacity 35154K, committed 35416K, reserved 1081344K
  class space    used 4394K, capacity 4475K, committed 4480K, reserved 1048576K
Event: 5.871 GC heap after
Heap after GC invocations=12 (full 2):
 PSYoungGen      total 322560K, used 0K [0x00000000d5d00000, 0x00000000ed980000, 0x0000000100000000)
  eden space 313344K, 0% used [0x00000000d5d00000,0x00000000d5d00000,0x00000000e8f00000)
  from space 9216K, 0% used [0x00000000e9c80000,0x00000000e9c80000,0x00000000ea580000)
  to   space 13824K, 0% used [0x00000000e8f00000,0x00000000e8f00000,0x00000000e9c80000)
 ParOldGen       total 92160K, used 23889K [0x0000000081600000, 0x0000000087000000, 0x00000000d5d00000)
  object space 92160K, 25% used [0x0000000081600000,0x0000000082d54528,0x0000000087000000)
 Metaspace       used 34706K, capacity 35154K, committed 35416K, reserved 1081344K
  class space    used 4394K, capacity 4475K, committed 4480K, reserved 1048576K
}
Event: 7.977 GC heap before
{Heap before GC invocations=13 (full 2):
 PSYoungGen      total 322560K, used 313344K [0x00000000d5d00000, 0x00000000ed980000, 0x0000000100000000)
  eden space 313344K, 100% used [0x00000000d5d00000,0x00000000e8f00000,0x00000000e8f00000)
  from space 9216K, 0% used [0x00000000e9c80000,0x00000000e9c80000,0x00000000ea580000)
  to   space 13824K, 0% used [0x00000000e8f00000,0x00000000e8f00000,0x00000000e9c80000)
 ParOldGen       total 92160K, used 23889K [0x0000000081600000, 0x0000000087000000, 0x00000000d5d00000)
  object space 92160K, 25% used [0x0000000081600000,0x0000000082d54528,0x0000000087000000)
 Metaspace       used 42113K, capacity 42584K, committed 42968K, reserved 1087488K
  class space    used 5397K, capacity 5523K, committed 5632K, reserved 1048576K
Event: 7.992 GC heap after
Heap after GC invocations=13 (full 2):
 PSYoungGen      total 327168K, used 13706K [0x00000000d5d00000, 0x00000000f0500000, 0x0000000100000000)
  eden space 313344K, 0% used [0x00000000d5d00000,0x00000000d5d00000,0x00000000e8f00000)
  from space 13824K, 99% used [0x00000000e8f00000,0x00000000e9c628e8,0x00000000e9c80000)
  to   space 15360K, 0% used [0x00000000ef600000,0x00000000ef600000,0x00000000f0500000)
 ParOldGen       total 92160K, used 23897K [0x0000000081600000, 0x0000000087000000, 0x00000000d5d00000)
  object space 92160K, 25% used [0x0000000081600000,0x0000000082d56528,0x0000000087000000)
 Metaspace       used 42113K, capacity 42584K, committed 42968K, reserved 1087488K
  class space    used 5397K, capacity 5523K, committed 5632K, reserved 1048576K
}
Event: 9.625 GC heap before
{Heap before GC invocations=14 (full 2):
 PSYoungGen      total 327168K, used 327050K [0x00000000d5d00000, 0x00000000f0500000, 0x0000000100000000)
  eden space 313344K, 100% used [0x00000000d5d00000,0x00000000e8f00000,0x00000000e8f00000)
  from space 13824K, 99% used [0x00000000e8f00000,0x00000000e9c628e8,0x00000000e9c80000)
  to   space 15360K, 0% used [0x00000000ef600000,0x00000000ef600000,0x00000000f0500000)
 ParOldGen       total 92160K, used 23897K [0x0000000081600000, 0x0000000087000000, 0x00000000d5d00000)
  object space 92160K, 25% used [0x0000000081600000,0x0000000082d56528,0x0000000087000000)
 Metaspace       used 44836K, capacity 45520K, committed 45784K, reserved 1089536K
  class space    used 5718K, capacity 5857K, committed 5888K, reserved 1048576K
Event: 9.641 GC heap after
Heap after GC invocations=14 (full 2):
 PSYoungGen      total 407040K, used 9597K [0x00000000d5d00000, 0x00000000eff80000, 0x0000000100000000)
  eden space 397312K, 0% used [0x00000000d5d00000,0x00000000d5d00000,0x00000000ee100000)
  from space 9728K, 98% used [0x00000000ef600000,0x00000000eff5f5f8,0x00000000eff80000)
  to   space 15360K, 0% used [0x00000000ee180000,0x00000000ee180000,0x00000000ef080000)
 ParOldGen       total 92160K, used 32149K [0x0000000081600000, 0x0000000087000000, 0x00000000d5d00000)
  object space 92160K, 34% used [0x0000000081600000,0x00000000835654a8,0x0000000087000000)
 Metaspace       used 44836K, capacity 45520K, committed 45784K, reserved 1089536K
  class space    used 5718K, capacity 5857K, committed 5888K, reserved 1048576K
}

