# JRE version: Java(TM) SE Runtime Environment (8.0_181-b13) (build 1.8.0_181-b13)
# Java VM: Java HotSpot(TM) 64-Bit Server VM (25.181-b13 mixed mode windows-amd64 compressed oops)
Heap:
 PSYoungGen      total 316416K, used 275954K [0x00000000d5d00000, 0x00000000f0280000, 0x0000000100000000)
  eden space 289280K, 95% used [0x00000000d5d00000,0x00000000e6a7c950,0x00000000e7780000)
  from space 27136K, 0% used [0x00000000e7780000,0x00000000e7780000,0x00000000e9200000)
  to   space 28160K, 0% used [0x00000000ee700000,0x00000000ee700000,0x00000000f0280000)
 ParOldGen       total 111616K, used 28403K [0x0000000081600000, 0x0000000088300000, 0x00000000d5d00000)
  object space 111616K, 25% used [0x0000000081600000,0x00000000831bcd58,0x0000000088300000)
 Metaspace       used 46963K, capacity 47604K, committed 48128K, reserved 1091584K
  class space    used 6123K, capacity 6316K, committed 6400K, reserved 1048576K
GC Heap History (10 events):
Event: 3.648 GC heap before
{Heap before GC invocations=7 (full 1):
 PSYoungGen      total 138240K, used 138232K [0x00000000d5d00000, 0x00000000e3100000, 0x0000000100000000)
  eden space 133120K, 100% used [0x00000000d5d00000,0x00000000ddf00000,0x00000000ddf00000)
  from space 5120K, 99% used [0x00000000ddf00000,0x00000000de3fe3c8,0x00000000de400000)
  to   space 11264K, 0% used [0x00000000e2600000,0x00000000e2600000,0x00000000e3100000)
 ParOldGen       total 63488K, used 8404K [0x0000000081600000, 0x0000000085400000, 0x00000000d5d00000)
  object space 63488K, 13% used [0x0000000081600000,0x0000000081e353c8,0x0000000085400000)
 Metaspace       used 24527K, capacity 24862K, committed 24960K, reserved 1071104K
  class space    used 3083K, capacity 3197K, committed 3200K, reserved 1048576K
Event: 3.660 GC heap after
Heap after GC invocations=7 (full 1):
 PSYoungGen      total 203264K, used 11240K [0x00000000d5d00000, 0x00000000e3d00000, 0x0000000100000000)
  eden space 192000K, 0% used [0x00000000d5d00000,0x00000000d5d00000,0x00000000e1880000)
  from space 11264K, 99% used [0x00000000e2600000,0x00000000e30fa040,0x00000000e3100000)
  to   space 13824K, 0% used [0x00000000e1880000,0x00000000e1880000,0x00000000e2600000)
 ParOldGen       total 63488K, used 10133K [0x0000000081600000, 0x0000000085400000, 0x00000000d5d00000)
  object space 63488K, 15% used [0x0000000081600000,0x0000000081fe54e8,0x0000000085400000)
 Metaspace       used 24527K, capacity 24862K, committed 24960K, reserved 1071104K
  class space    used 3083K, capacity 3197K, committed 3200K, reserved 1048576K
}
Event: 5.001 GC heap before
{Heap before GC invocations=8 (full 1):
 PSYoungGen      total 203264K, used 203240K [0x00000000d5d00000, 0x00000000e3d00000, 0x0000000100000000)
  eden space 192000K, 100% used [0x00000000d5d00000,0x00000000e1880000,0x00000000e1880000)
  from space 11264K, 99% used [0x00000000e2600000,0x00000000e30fa040,0x00000000e3100000)
  to   space 13824K, 0% used [0x00000000e1880000,0x00000000e1880000,0x00000000e2600000)
 ParOldGen       total 63488K, used 10133K [0x0000000081600000, 0x0000000085400000, 0x00000000d5d00000)
  object space 63488K, 15% used [0x0000000081600000,0x0000000081fe54e8,0x0000000085400000)
 Metaspace       used 24609K, capacity 24938K, committed 25216K, reserved 1071104K
  class space    used 3108K, capacity 3199K, committed 3200K, reserved 1048576K
Event: 5.029 GC heap after
Heap after GC invocations=8 (full 1):
 PSYoungGen      total 205824K, used 13809K [0x00000000d5d00000, 0x00000000eab00000, 0x0000000100000000)
  eden space 192000K, 0% used [0x00000000d5d00000,0x00000000d5d00000,0x00000000e1880000)
  from space 13824K, 99% used [0x00000000e1880000,0x00000000e25fc498,0x00000000e2600000)
  to   space 24576K, 0% used [0x00000000e9300000,0x00000000e9300000,0x00000000eab00000)
 ParOldGen       total 63488K, used 27239K [0x0000000081600000, 0x0000000085400000, 0x00000000d5d00000)
  object space 63488K, 42% used [0x0000000081600000,0x0000000083099e00,0x0000000085400000)
 Metaspace       used 24609K, capacity 24938K, committed 25216K, reserved 1071104K
  class space    used 3108K, capacity 3199K, committed 3200K, reserved 1048576K
}
Event: 6.340 GC heap before
{Heap before GC invocations=9 (full 1):
 PSYoungGen      total 205824K, used 205809K [0x00000000d5d00000, 0x00000000eab00000, 0x0000000100000000)
  eden space 192000K, 100% used [0x00000000d5d00000,0x00000000e1880000,0x00000000e1880000)
  from space 13824K, 99% used [0x00000000e1880000,0x00000000e25fc498,0x00000000e2600000)
  to   space 24576K, 0% used [0x00000000e9300000,0x00000000e9300000,0x00000000eab00000)
 ParOldGen       total 63488K, used 27239K [0x0000000081600000, 0x0000000085400000, 0x00000000d5d00000)
  object space 63488K, 42% used [0x0000000081600000,0x0000000083099e00,0x0000000085400000)
 Metaspace       used 31276K, capacity 31734K, committed 32000K, reserved 1077248K
  class space    used 3922K, capacity 4045K, committed 4096K, reserved 1048576K
Event: 6.357 GC heap after
Heap after GC invocations=9 (full 1):
 PSYoungGen      total 313856K, used 20720K [0x00000000d5d00000, 0x00000000eac80000, 0x0000000100000000)
  eden space 289280K, 0% used [0x00000000d5d00000,0x00000000d5d00000,0x00000000e7780000)
  from space 24576K, 84% used [0x00000000e9300000,0x00000000ea73c2f0,0x00000000eab00000)
  to   space 27136K, 0% used [0x00000000e7780000,0x00000000e7780000,0x00000000e9200000)
 ParOldGen       total 63488K, used 27247K [0x0000000081600000, 0x0000000085400000, 0x00000000d5d00000)
  object space 63488K, 42% used [0x0000000081600000,0x000000008309be00,0x0000000085400000)
 Metaspace       used 31276K, capacity 31734K, committed 32000K, reserved 1077248K
  class space    used 3922K, capacity 4045K, committed 4096K, reserved 1048576K
}
Event: 7.408 GC heap before
{Heap before GC invocations=10 (full 1):
 PSYoungGen      total 313856K, used 184141K [0x00000000d5d00000, 0x00000000eac80000, 0x0000000100000000)
  eden space 289280K, 56% used [0x00000000d5d00000,0x00000000dfc97498,0x00000000e7780000)
  from space 24576K, 84% used [0x00000000e9300000,0x00000000ea73c2f0,0x00000000eab00000)
  to   space 27136K, 0% used [0x00000000e7780000,0x00000000e7780000,0x00000000e9200000)
 ParOldGen       total 63488K, used 27247K [0x0000000081600000, 0x0000000085400000, 0x00000000d5d00000)
  object space 63488K, 42% used [0x0000000081600000,0x000000008309be00,0x0000000085400000)
 Metaspace       used 34765K, capacity 35254K, committed 35496K, reserved 1081344K
  class space    used 4366K, capacity 4516K, committed 4608K, reserved 1048576K
Event: 7.424 GC heap after
Heap after GC invocations=10 (full 1):
 PSYoungGen      total 316416K, used 19306K [0x00000000d5d00000, 0x00000000f0280000, 0x0000000100000000)
  eden space 289280K, 0% used [0x00000000d5d00000,0x00000000d5d00000,0x00000000e7780000)
  from space 27136K, 71% used [0x00000000e7780000,0x00000000e8a5aa48,0x00000000e9200000)
  to   space 28160K, 0% used [0x00000000ee700000,0x00000000ee700000,0x00000000f0280000)
 ParOldGen       total 63488K, used 29235K [0x0000000081600000, 0x0000000085400000, 0x00000000d5d00000)
  object space 63488K, 46% used [0x0000000081600000,0x000000008328ce30,0x0000000085400000)
 Metaspace       used 34765K, capacity 35254K, committed 35496K, reserved 1081344K
  class space    used 4366K, capacity 4516K, committed 4608K, reserved 1048576K
}
Event: 7.424 GC heap before
{Heap before GC invocations=11 (full 2):
 PSYoungGen      total 316416K, used 19306K [0x00000000d5d00000, 0x00000000f0280000, 0x0000000100000000)
  eden space 289280K, 0% used [0x00000000d5d00000,0x00000000d5d00000,0x00000000e7780000)
  from space 27136K, 71% used [0x00000000e7780000,0x00000000e8a5aa48,0x00000000e9200000)
  to   space 28160K, 0% used [0x00000000ee700000,0x00000000ee700000,0x00000000f0280000)
 ParOldGen       total 63488K, used 29235K [0x0000000081600000, 0x0000000085400000, 0x00000000d5d00000)
  object space 63488K, 46% used [0x0000000081600000,0x000000008328ce30,0x0000000085400000)
 Metaspace       used 34765K, capacity 35254K, committed 35496K, reserved 1081344K
  class space    used 4366K, capacity 4516K, committed 4608K, reserved 1048576K
Event: 7.480 GC heap after
Heap after GC invocations=11 (full 2):
 PSYoungGen      total 316416K, used 0K [0x00000000d5d00000, 0x00000000f0280000, 0x0000000100000000)
  eden space 289280K, 0% used [0x00000000d5d00000,0x00000000d5d00000,0x00000000e7780000)
  from space 27136K, 0% used [0x00000000e7780000,0x00000000e7780000,0x00000000e9200000)
  to   space 28160K, 0% used [0x00000000ee700000,0x00000000ee700000,0x00000000f0280000)
 ParOldGen       total 111616K, used 28403K [0x0000000081600000, 0x0000000088300000, 0x00000000d5d00000)
  object space 111616K, 25% used [0x0000000081600000,0x00000000831bcd58,0x0000000088300000)
 Metaspace       used 34765K, capacity 35254K, committed 35496K, reserved 1081344K
  class space    used 4366K, capacity 4516K, committed 4608K, reserved 1048576K
}

