# JRE version: Java(TM) SE Runtime Environment (8.0_181-b13) (build 1.8.0_181-b13)
# Java VM: Java HotSpot(TM) 64-Bit Server VM (25.181-b13 mixed mode windows-amd64 compressed oops)
Heap:
 PSYoungGen      total 320512K, used 91815K [0x00000000d5d00000, 0x00000000ee600000, 0x0000000100000000)
  eden space 300032K, 30% used [0x00000000d5d00000,0x00000000db6a9e30,0x00000000e8200000)
  from space 20480K, 0% used [0x00000000e9700000,0x00000000e9700000,0x00000000eab00000)
  to   space 21504K, 0% used [0x00000000e8200000,0x00000000e8200000,0x00000000e9700000)
 ParOldGen       total 87552K, used 23576K [0x0000000081600000, 0x0000000086b80000, 0x00000000d5d00000)
  object space 87552K, 26% used [0x0000000081600000,0x0000000082d06200,0x0000000086b80000)
 Metaspace       used 36472K, capacity 36920K, committed 37288K, reserved 1081344K
  class space    used 4582K, capacity 4668K, committed 4776K, reserved 1048576K
GC Heap History (10 events):
Event: 4.024 GC heap before
{Heap before GC invocations=6 (full 1):
 PSYoungGen      total 138240K, used 133120K [0x00000000d5d00000, 0x00000000de900000, 0x0000000100000000)
  eden space 133120K, 100% used [0x00000000d5d00000,0x00000000ddf00000,0x00000000ddf00000)
  from space 5120K, 0% used [0x00000000de400000,0x00000000de400000,0x00000000de900000)
  to   space 5120K, 0% used [0x00000000ddf00000,0x00000000ddf00000,0x00000000de400000)
 ParOldGen       total 59904K, used 7467K [0x0000000081600000, 0x0000000085080000, 0x00000000d5d00000)
  object space 59904K, 12% used [0x0000000081600000,0x0000000081d4af50,0x0000000085080000)
 Metaspace       used 24347K, capacity 24690K, committed 24960K, reserved 1071104K
  class space    used 3074K, capacity 3187K, committed 3200K, reserved 1048576K
Event: 4.034 GC heap after
Heap after GC invocations=6 (full 1):
 PSYoungGen      total 138240K, used 5092K [0x00000000d5d00000, 0x00000000e3b00000, 0x0000000100000000)
  eden space 133120K, 0% used [0x00000000d5d00000,0x00000000d5d00000,0x00000000ddf00000)
  from space 5120K, 99% used [0x00000000ddf00000,0x00000000de3f9288,0x00000000de400000)
  to   space 10752K, 0% used [0x00000000e3080000,0x00000000e3080000,0x00000000e3b00000)
 ParOldGen       total 59904K, used 8653K [0x0000000081600000, 0x0000000085080000, 0x00000000d5d00000)
  object space 59904K, 14% used [0x0000000081600000,0x0000000081e735f0,0x0000000085080000)
 Metaspace       used 24347K, capacity 24690K, committed 24960K, reserved 1071104K
  class space    used 3074K, capacity 3187K, committed 3200K, reserved 1048576K
}
Event: 5.083 GC heap before
{Heap before GC invocations=7 (full 1):
 PSYoungGen      total 138240K, used 138212K [0x00000000d5d00000, 0x00000000e3b00000, 0x0000000100000000)
  eden space 133120K, 100% used [0x00000000d5d00000,0x00000000ddf00000,0x00000000ddf00000)
  from space 5120K, 99% used [0x00000000ddf00000,0x00000000de3f9288,0x00000000de400000)
  to   space 10752K, 0% used [0x00000000e3080000,0x00000000e3080000,0x00000000e3b00000)
 ParOldGen       total 59904K, used 8653K [0x0000000081600000, 0x0000000085080000, 0x00000000d5d00000)
  object space 59904K, 14% used [0x0000000081600000,0x0000000081e735f0,0x0000000085080000)
 Metaspace       used 30371K, capacity 30784K, committed 31104K, reserved 1077248K
  class space    used 3808K, capacity 3902K, committed 3968K, reserved 1048576K
Event: 5.096 GC heap after
Heap after GC invocations=7 (full 1):
 PSYoungGen      total 210944K, used 10721K [0x00000000d5d00000, 0x00000000e4380000, 0x0000000100000000)
  eden space 200192K, 0% used [0x00000000d5d00000,0x00000000d5d00000,0x00000000e2080000)
  from space 10752K, 99% used [0x00000000e3080000,0x00000000e3af8588,0x00000000e3b00000)
  to   space 16384K, 0% used [0x00000000e2080000,0x00000000e2080000,0x00000000e3080000)
 ParOldGen       total 59904K, used 16120K [0x0000000081600000, 0x0000000085080000, 0x00000000d5d00000)
  object space 59904K, 26% used [0x0000000081600000,0x00000000825be3a8,0x0000000085080000)
 Metaspace       used 30371K, capacity 30784K, committed 31104K, reserved 1077248K
  class space    used 3808K, capacity 3902K, committed 3968K, reserved 1048576K
}
Event: 6.624 GC heap before
{Heap before GC invocations=8 (full 1):
 PSYoungGen      total 210944K, used 210913K [0x00000000d5d00000, 0x00000000e4380000, 0x0000000100000000)
  eden space 200192K, 100% used [0x00000000d5d00000,0x00000000e2080000,0x00000000e2080000)
  from space 10752K, 99% used [0x00000000e3080000,0x00000000e3af8588,0x00000000e3b00000)
  to   space 16384K, 0% used [0x00000000e2080000,0x00000000e2080000,0x00000000e3080000)
 ParOldGen       total 59904K, used 16120K [0x0000000081600000, 0x0000000085080000, 0x00000000d5d00000)
  object space 59904K, 26% used [0x0000000081600000,0x00000000825be3a8,0x0000000085080000)
 Metaspace       used 34786K, capacity 35174K, committed 35456K, reserved 1081344K
  class space    used 4380K, capacity 4461K, committed 4480K, reserved 1048576K
Event: 6.643 GC heap after
Heap after GC invocations=8 (full 1):
 PSYoungGen      total 216576K, used 16376K [0x00000000d5d00000, 0x00000000eab00000, 0x0000000100000000)
  eden space 200192K, 0% used [0x00000000d5d00000,0x00000000d5d00000,0x00000000e2080000)
  from space 16384K, 99% used [0x00000000e2080000,0x00000000e307e290,0x00000000e3080000)
  to   space 20480K, 0% used [0x00000000e9700000,0x00000000e9700000,0x00000000eab00000)
 ParOldGen       total 59904K, used 18629K [0x0000000081600000, 0x0000000085080000, 0x00000000d5d00000)
  object space 59904K, 31% used [0x0000000081600000,0x0000000082831620,0x0000000085080000)
 Metaspace       used 34786K, capacity 35174K, committed 35456K, reserved 1081344K
  class space    used 4380K, capacity 4461K, committed 4480K, reserved 1048576K
}
Event: 6.735 GC heap before
{Heap before GC invocations=9 (full 1):
 PSYoungGen      total 216576K, used 31396K [0x00000000d5d00000, 0x00000000eab00000, 0x0000000100000000)
  eden space 200192K, 7% used [0x00000000d5d00000,0x00000000d6bab080,0x00000000e2080000)
  from space 16384K, 99% used [0x00000000e2080000,0x00000000e307e290,0x00000000e3080000)
  to   space 20480K, 0% used [0x00000000e9700000,0x00000000e9700000,0x00000000eab00000)
 ParOldGen       total 59904K, used 18629K [0x0000000081600000, 0x0000000085080000, 0x00000000d5d00000)
  object space 59904K, 31% used [0x0000000081600000,0x0000000082831620,0x0000000085080000)
 Metaspace       used 34915K, capacity 35276K, committed 35496K, reserved 1081344K
  class space    used 4396K, capacity 4494K, committed 4520K, reserved 1048576K
Event: 6.758 GC heap after
Heap after GC invocations=9 (full 1):
 PSYoungGen      total 320512K, used 15257K [0x00000000d5d00000, 0x00000000ee600000, 0x0000000100000000)
  eden space 300032K, 0% used [0x00000000d5d00000,0x00000000d5d00000,0x00000000e8200000)
  from space 20480K, 74% used [0x00000000e9700000,0x00000000ea5e66e8,0x00000000eab00000)
  to   space 21504K, 0% used [0x00000000e8200000,0x00000000e8200000,0x00000000e9700000)
 ParOldGen       total 59904K, used 18637K [0x0000000081600000, 0x0000000085080000, 0x00000000d5d00000)
  object space 59904K, 31% used [0x0000000081600000,0x0000000082833620,0x0000000085080000)
 Metaspace       used 34915K, capacity 35276K, committed 35496K, reserved 1081344K
  class space    used 4396K, capacity 4494K, committed 4520K, reserved 1048576K
}
Event: 6.758 GC heap before
{Heap before GC invocations=10 (full 2):
 PSYoungGen      total 320512K, used 15257K [0x00000000d5d00000, 0x00000000ee600000, 0x0000000100000000)
  eden space 300032K, 0% used [0x00000000d5d00000,0x00000000d5d00000,0x00000000e8200000)
  from space 20480K, 74% used [0x00000000e9700000,0x00000000ea5e66e8,0x00000000eab00000)
  to   space 21504K, 0% used [0x00000000e8200000,0x00000000e8200000,0x00000000e9700000)
 ParOldGen       total 59904K, used 18637K [0x0000000081600000, 0x0000000085080000, 0x00000000d5d00000)
  object space 59904K, 31% used [0x0000000081600000,0x0000000082833620,0x0000000085080000)
 Metaspace       used 34915K, capacity 35276K, committed 35496K, reserved 1081344K
  class space    used 4396K, capacity 4494K, committed 4520K, reserved 1048576K
Event: 6.832 GC heap after
Heap after GC invocations=10 (full 2):
 PSYoungGen      total 320512K, used 0K [0x00000000d5d00000, 0x00000000ee600000, 0x0000000100000000)
  eden space 300032K, 0% used [0x00000000d5d00000,0x00000000d5d00000,0x00000000e8200000)
  from space 20480K, 0% used [0x00000000e9700000,0x00000000e9700000,0x00000000eab00000)
  to   space 21504K, 0% used [0x00000000e8200000,0x00000000e8200000,0x00000000e9700000)
 ParOldGen       total 87552K, used 23576K [0x0000000081600000, 0x0000000086b80000, 0x00000000d5d00000)
  object space 87552K, 26% used [0x0000000081600000,0x0000000082d06200,0x0000000086b80000)
 Metaspace       used 34915K, capacity 35276K, committed 35496K, reserved 1081344K
  class space    used 4396K, capacity 4494K, committed 4520K, reserved 1048576K
}

